{"datafield10": "7F402214-2560-0003-7432-407F6025D801", "subject.account.name": "mailer_devops", "historical": false, "mime": "application/x-pt-eventlog", "category.low": "Communication", "subject": "account", "siem_id": "00000000-0000-0000-0000-000000000000", "origin_app_id": "144e9681-a3c0-0001-0000-000000000003", "id": "PT_Microsoft_Windows_eventlog_4624_An_account_was_successfully_logged_on", "datafield7": "11597785951", "event_src.vendor": "microsoft", "subject.process.id": "19752", "subject.account.domain": "ptsecurity.ru", "tag": "wineventlog", "event_src.category": "AAA", "object": "system", "datafield9": "Negotiate", "event_src.fqdn": "dc1-mail-05.ptsecurity.ru", "datafield6": "NetworkCleartext", "primary_siem_app_id": "144e9681-a3c0-0001-0000-000000000003", "asset_ids": ["1640c896-e1c0-0001-0000-000000000023", "162f51e9-3b40-0001-0000-00000000000f"], "event_src.hostname": "dc1-mail-05", "dst.hostname": "dc1-mail-05", "subject.process.path": "c:\\program files\\microsoft\\exchange server\\v15\\bin\\", "taxonomy_version": "25.0.598-feature-develop-25-69", "datafield8": "Advapi", "event_src.subsys": "Security", "event_src.title": "windows", "datafield5": "19752", "subject.process.name": "msexchangefrontendtransport.exe", "subject.account.id": "S-1-5-21-1023191730-727829927-3985050192-20330", "subject.id": "S-1-5-21-1023191730-727829927-3985050192-20330", "subject.process.fullpath": "c:\\program files\\microsoft\\exchange server\\v15\\bin\\msexchangefrontendtransport.exe", "incorrect_time": false, "datafield4": "msexchangefrontendtransport.exe", "dst.fqdn": "dc1-mail-05.ptsecurity.ru", "category.high": "Access Management", "src.host": "dc1-mail-05", "src.hostname": "dc1-mail-05", "datafield3": "c:\\program files\\microsoft\\exchange server\\v15\\bin\\msexchangefrontendtransport.exe", "action": "login", "time": "2022-03-03T00:11:47Z", "datafield2": "DC1-MAIL-05", "remote": false, "src.asset": "1640c896-e1c0-0001-0000-000000000023", "importance": "info", "count": 1, "event_src.host": "dc1-mail-05.ptsecurity.ru", "chain_id": "7F402214-2560-0003-7432-407F6025D801", "datafield1": "999", "input_id": "3433e2f4-63ff-49f7-a0bd-197b74074ec7", "dst.asset": "1640c896-e1c0-0001-0000-000000000023", "generator.type": "logcollector", "status": "success", "agent_id": "4b90128e-2e9c-4822-aaef-1ac0bca79c12", "recv_time": "2022-03-03T00:11:56Z", "generator.version": "N25.0.2663", "logon_service": "Advapi", "uuid": "00000006-2200-07cc-f000-0123e1c8bbef", "subject.domain": "ptsecurity", "body": "{\"Event\":{\"xmlns\":\"http://schemas.microsoft.com/win/2004/08/events/event\",\"System\":{\"Provider\":{\"Name\":\"Microsoft-Windows-Security-Auditing\",\"Guid\":\"{54849625-5478-4994-A5BA-3E3B0328C30D}\"},\"EventID\":\"4624\",\"Version\":\"2\",\"Level\":\"0\",\"Task\":\"12544\",\"Opcode\":\"0\",\"Keywords\":\"0x8020000000000000\",\"TimeCreated\":{\"SystemTime\":\"2022-03-03T00:11:47.169055200Z\"},\"EventRecordID\":\"173570067\",\"Correlation\":{\"ActivityID\":\"{7F402214-2560-0003-7432-407F6025D801}\"},\"Execution\":{\"ProcessID\":\"812\",\"ThreadID\":\"28600\"},\"Channel\":\"Security\",\"Computer\":\"dc1-mail-05.ptsecurity.ru\",\"Security\":null},\"EventData\":{\"Data\":[{\"text\":\"S-1-5-18\",\"Name\":\"SubjectUserSid\"},{\"text\":\"DC1-MAIL-05$\",\"Name\":\"SubjectUserName\"},{\"text\":\"PTSECURITY\",\"Name\":\"SubjectDomainName\"},{\"text\":\"0x3e7\",\"Name\":\"SubjectLogonId\"},{\"text\":\"S-1-5-21-1023191730-727829927-3985050192-20330\",\"Name\":\"TargetUserSid\"},{\"text\":\"mailer_devops\",\"Name\":\"TargetUserName\"},{\"text\":\"PTSECURITY\",\"Name\":\"TargetDomainName\"},{\"text\":\"0x2b3482b5f\",\"Name\":\"TargetLogonId\"},{\"text\":\"8\",\"Name\":\"LogonType\"},{\"text\":\"Advapi  \",\"Name\":\"LogonProcessName\"},{\"text\":\"Negotiate\",\"Name\":\"AuthenticationPackageName\"},{\"text\":\"DC1-MAIL-05\",\"Name\":\"WorkstationName\"},{\"text\":\"{DCEFF06F-9857-9E55-0936-68B62C3D66A9}\",\"Name\":\"LogonGuid\"},{\"text\":\"-\",\"Name\":\"TransmittedServices\"},{\"text\":\"-\",\"Name\":\"LmPackageName\"},{\"text\":\"0\",\"Name\":\"KeyLength\"},{\"text\":\"0x4d28\",\"Name\":\"ProcessId\"},{\"text\":\"C:\\\\Program Files\\\\Microsoft\\\\Exchange Server\\\\V15\\\\Bin\\\\MSExchangeFrontendTransport.exe\",\"Name\":\"ProcessName\"},{\"text\":\"-\",\"Name\":\"IpAddress\"},{\"text\":\"-\",\"Name\":\"IpPort\"},{\"text\":\"%%1833\",\"Name\":\"ImpersonationLevel\"},{\"text\":\"-\",\"Name\":\"RestrictedAdminMode\"},{\"text\":\"-\",\"Name\":\"TargetOutboundUserName\"},{\"text\":\"-\",\"Name\":\"TargetOutboundDomainName\"},{\"text\":\"%%1843\",\"Name\":\"VirtualAccount\"},{\"text\":\"0x0\",\"Name\":\"TargetLinkedLogonId\"},{\"text\":\"%%1843\",\"Name\":\"ElevatedToken\"}]}}}", "recv_ipv4": "10.10.192.101", "dst.host": "dc1-mail-05.ptsecurity.ru", "task_id": "14547f20-1f40-0001-0000-00000000002e", "subject.name": "mailer_devops", "logon_type": 8, "logon_auth_method": "remote", "job_id": "efbbc8e1-9ece-4045-ae64-239c7ea9ef4b", "recv_asset": "162f51e9-3b40-0001-0000-00000000000f", "event_src.asset": "1640c896-e1c0-0001-0000-000000000023", "tenant_id": "01c7c1a6-8d3b-4325-8c46-29da2d6c27a1", "category.generic": "Operating System", "normalized": true, "msgid": "4624", "scope_id": "00000000-0000-0000-0000-000000000005", "original_time": "2022-03-03T00:11:47Z", "subject.account.session_id": "11597785951", "_checkpoint": 409245970498}
{"datafield10": "7F402214-2560-0003-7432-407F6025D801", "subject.account.name": "mailer_devops", "historical": false, "mime": "application/x-pt-eventlog", "category.low": "Communication", "subject": "account", "siem_id": "00000000-0000-0000-0000-000000000000", "origin_app_id": "144e9681-a3c0-0001-0000-000000000003", "id": "PT_Microsoft_Windows_eventlog_4624_An_account_was_successfully_logged_on", "datafield7": "11597801158", "event_src.vendor": "microsoft", "subject.process.id": "19752", "subject.account.domain": "ptsecurity.ru", "tag": "wineventlog", "event_src.category": "AAA", "object": "system", "datafield9": "Negotiate", "event_src.fqdn": "dc1-mail-05.ptsecurity.ru", "datafield6": "NetworkCleartext", "primary_siem_app_id": "144e9681-a3c0-0001-0000-000000000003", "asset_ids": ["1640c896-e1c0-0001-0000-000000000023", "162f51e9-3b40-0001-0000-00000000000f"], "event_src.hostname": "dc1-mail-05", "dst.hostname": "dc1-mail-05", "subject.process.path": "c:\\program files\\microsoft\\exchange server\\v15\\bin\\", "taxonomy_version": "25.0.598-feature-develop-25-69", "datafield8": "Advapi", "event_src.subsys": "Security", "event_src.title": "windows", "datafield5": "19752", "subject.process.name": "msexchangefrontendtransport.exe", "subject.account.id": "S-1-5-21-1023191730-727829927-3985050192-20330", "subject.id": "S-1-5-21-1023191730-727829927-3985050192-20330", "subject.process.fullpath": "c:\\program files\\microsoft\\exchange server\\v15\\bin\\msexchangefrontendtransport.exe", "incorrect_time": false, "datafield4": "msexchangefrontendtransport.exe", "dst.fqdn": "dc1-mail-05.ptsecurity.ru", "category.high": "Access Management", "src.host": "dc1-mail-05", "src.hostname": "dc1-mail-05", "datafield3": "c:\\program files\\microsoft\\exchange server\\v15\\bin\\msexchangefrontendtransport.exe", "action": "login", "time": "2022-03-03T00:11:48Z", "datafield2": "DC1-MAIL-05", "remote": false, "src.asset": "1640c896-e1c0-0001-0000-000000000023", "importance": "info", "count": 1, "event_src.host": "dc1-mail-05.ptsecurity.ru", "chain_id": "7F402214-2560-0003-7432-407F6025D801", "datafield1": "999", "input_id": "3433e2f4-63ff-49f7-a0bd-197b74074ec7", "dst.asset": "1640c896-e1c0-0001-0000-000000000023", "generator.type": "logcollector", "status": "success", "agent_id": "4b90128e-2e9c-4822-aaef-1ac0bca79c12", "recv_time": "2022-03-03T00:11:56Z", "generator.version": "N25.0.2663", "logon_service": "Advapi", "uuid": "00000006-2200-07cc-f000-0131e1c8bbef", "subject.domain": "ptsecurity", "body": "{\"Event\":{\"xmlns\":\"http://schemas.microsoft.com/win/2004/08/events/event\",\"System\":{\"Provider\":{\"Name\":\"Microsoft-Windows-Security-Auditing\",\"Guid\":\"{54849625-5478-4994-A5BA-3E3B0328C30D}\"},\"EventID\":\"4624\",\"Version\":\"2\",\"Level\":\"0\",\"Task\":\"12544\",\"Opcode\":\"0\",\"Keywords\":\"0x8020000000000000\",\"TimeCreated\":{\"SystemTime\":\"2022-03-03T00:11:48.633490700Z\"},\"EventRecordID\":\"173570089\",\"Correlation\":{\"ActivityID\":\"{7F402214-2560-0003-7432-407F6025D801}\"},\"Execution\":{\"ProcessID\":\"812\",\"ThreadID\":\"28600\"},\"Channel\":\"Security\",\"Computer\":\"dc1-mail-05.ptsecurity.ru\",\"Security\":null},\"EventData\":{\"Data\":[{\"text\":\"S-1-5-18\",\"Name\":\"SubjectUserSid\"},{\"text\":\"DC1-MAIL-05$\",\"Name\":\"SubjectUserName\"},{\"text\":\"PTSECURITY\",\"Name\":\"SubjectDomainName\"},{\"text\":\"0x3e7\",\"Name\":\"SubjectLogonId\"},{\"text\":\"S-1-5-21-1023191730-727829927-3985050192-20330\",\"Name\":\"TargetUserSid\"},{\"text\":\"mailer_devops\",\"Name\":\"TargetUserName\"},{\"text\":\"PTSECURITY\",\"Name\":\"TargetDomainName\"},{\"text\":\"0x2b34866c6\",\"Name\":\"TargetLogonId\"},{\"text\":\"8\",\"Name\":\"LogonType\"},{\"text\":\"Advapi  \",\"Name\":\"LogonProcessName\"},{\"text\":\"Negotiate\",\"Name\":\"AuthenticationPackageName\"},{\"text\":\"DC1-MAIL-05\",\"Name\":\"WorkstationName\"},{\"text\":\"{12EDC5D2-0CA6-7087-E042-C5FD607A9EA1}\",\"Name\":\"LogonGuid\"},{\"text\":\"-\",\"Name\":\"TransmittedServices\"},{\"text\":\"-\",\"Name\":\"LmPackageName\"},{\"text\":\"0\",\"Name\":\"KeyLength\"},{\"text\":\"0x4d28\",\"Name\":\"ProcessId\"},{\"text\":\"C:\\\\Program Files\\\\Microsoft\\\\Exchange Server\\\\V15\\\\Bin\\\\MSExchangeFrontendTransport.exe\",\"Name\":\"ProcessName\"},{\"text\":\"-\",\"Name\":\"IpAddress\"},{\"text\":\"-\",\"Name\":\"IpPort\"},{\"text\":\"%%1833\",\"Name\":\"ImpersonationLevel\"},{\"text\":\"-\",\"Name\":\"RestrictedAdminMode\"},{\"text\":\"-\",\"Name\":\"TargetOutboundUserName\"},{\"text\":\"-\",\"Name\":\"TargetOutboundDomainName\"},{\"text\":\"%%1843\",\"Name\":\"VirtualAccount\"},{\"text\":\"0x0\",\"Name\":\"TargetLinkedLogonId\"},{\"text\":\"%%1843\",\"Name\":\"ElevatedToken\"}]}}}", "recv_ipv4": "10.10.192.101", "dst.host": "dc1-mail-05.ptsecurity.ru", "task_id": "14547f20-1f40-0001-0000-00000000002e", "subject.name": "mailer_devops", "logon_type": 8, "logon_auth_method": "remote", "job_id": "efbbc8e1-9ece-4045-ae64-239c7ea9ef4b", "recv_asset": "162f51e9-3b40-0001-0000-00000000000f", "event_src.asset": "1640c896-e1c0-0001-0000-000000000023", "tenant_id": "01c7c1a6-8d3b-4325-8c46-29da2d6c27a1", "category.generic": "Operating System", "normalized": true, "msgid": "4624", "scope_id": "00000000-0000-0000-0000-000000000005", "original_time": "2022-03-03T00:11:48Z", "subject.account.session_id": "11597801158", "_checkpoint": 409245970512}
{"datafield10": "27F930EB-294F-0003-8444-F9274F29D801", "subject.account.name": "svc-mail-monitor", "historical": false, "mime": "application/x-pt-eventlog", "category.low": "Communication", "subject": "account", "siem_id": "00000000-0000-0000-0000-000000000000", "origin_app_id": "144e9681-a3c0-0001-0000-000000000003", "id": "PT_Microsoft_Windows_eventlog_4624_An_account_was_successfully_logged_on", "datafield7": "9231999448", "event_src.vendor": "microsoft", "subject.process.id": "7688", "subject.account.domain": "ptsecurity.ru", "tag": "wineventlog", "event_src.category": "AAA", "object": "system", "datafield9": "MICROSOFT_AUTHENTICATION_PACKAGE_V1_0", "event_src.fqdn": "dc1-mail-03.ptsecurity.ru", "datafield6": "NetworkCleartext", "primary_siem_app_id": "144e9681-a3c0-0001-0000-000000000003", "asset_ids": ["1457bbbb-45c0-0001-0000-000000001218", "162f51e9-3b40-0001-0000-00000000000f"], "event_src.hostname": "dc1-mail-03", "dst.hostname": "dc1-mail-03", "subject.process.path": "c:\\program files\\microsoft\\exchange server\\v15\\clientaccess\\popimap\\", "taxonomy_version": "25.0.598-feature-develop-25-69", "datafield8": "Advapi", "event_src.subsys": "Security", "event_src.title": "windows", "datafield5": "7688", "subject.process.name": "microsoft.exchange.imap4.exe", "subject.account.id": "S-1-5-21-1023191730-727829927-3985050192-36922", "subject.id": "S-1-5-21-1023191730-727829927-3985050192-36922", "subject.process.fullpath": "c:\\program files\\microsoft\\exchange server\\v15\\clientaccess\\popimap\\microsoft.exchange.imap4.exe", "incorrect_time": false, "datafield4": "microsoft.exchange.imap4.exe", "dst.fqdn": "dc1-mail-03.ptsecurity.ru", "category.high": "Access Management", "src.host": "dc1-mail-03", "src.hostname": "dc1-mail-03", "datafield3": "c:\\program files\\microsoft\\exchange server\\v15\\clientaccess\\popimap\\microsoft.exchange.imap4.exe", "action": "login", "time": "2022-03-03T00:12:01Z", "datafield2": "DC1-MAIL-03", "remote": false, "src.asset": "1457bbbb-45c0-0001-0000-000000001218", "importance": "info", "count": 1, "event_src.host": "dc1-mail-03.ptsecurity.ru", "chain_id": "27F930EB-294F-0003-8444-F9274F29D801", "datafield1": "996", "input_id": "3433e2f4-63ff-49f7-a0bd-197b74074ec7", "dst.asset": "1457bbbb-45c0-0001-0000-000000001218", "generator.type": "logcollector", "status": "success", "agent_id": "4b90128e-2e9c-4822-aaef-1ac0bca79c12", "recv_time": "2022-03-03T00:12:04Z", "generator.version": "N25.0.2663", "logon_service": "Advapi", "uuid": "00000006-2200-07d4-f000-00d5e1c8bbef", "subject.domain": "ptsecurity", "body": "{\"Event\":{\"xmlns\":\"http://schemas.microsoft.com/win/2004/08/events/event\",\"System\":{\"Provider\":{\"Name\":\"Microsoft-Windows-Security-Auditing\",\"Guid\":\"{54849625-5478-4994-A5BA-3E3B0328C30D}\"},\"EventID\":\"4624\",\"Version\":\"2\",\"Level\":\"0\",\"Task\":\"12544\",\"Opcode\":\"0\",\"Keywords\":\"0x8020000000000000\",\"TimeCreated\":{\"SystemTime\":\"2022-03-03T00:12:01.715097200Z\"},\"EventRecordID\":\"8635036564\",\"Correlation\":{\"ActivityID\":\"{27F930EB-294F-0003-8444-F9274F29D801}\"},\"Execution\":{\"ProcessID\":\"804\",\"ThreadID\":\"30196\"},\"Channel\":\"Security\",\"Computer\":\"dc1-mail-03.ptsecurity.ru\",\"Security\":null},\"EventData\":{\"Data\":[{\"text\":\"S-1-5-20\",\"Name\":\"SubjectUserSid\"},{\"text\":\"DC1-MAIL-03$\",\"Name\":\"SubjectUserName\"},{\"text\":\"PTSECURITY\",\"Name\":\"SubjectDomainName\"},{\"text\":\"0x3e4\",\"Name\":\"SubjectLogonId\"},{\"text\":\"S-1-5-21-1023191730-727829927-3985050192-36922\",\"Name\":\"TargetUserSid\"},{\"text\":\"svc-mail-monitor\",\"Name\":\"TargetUserName\"},{\"text\":\"PTSECURITY\",\"Name\":\"TargetDomainName\"},{\"text\":\"0x2264521d8\",\"Name\":\"TargetLogonId\"},{\"text\":\"8\",\"Name\":\"LogonType\"},{\"text\":\"Advapi  \",\"Name\":\"LogonProcessName\"},{\"text\":\"MICROSOFT_AUTHENTICATION_PACKAGE_V1_0\",\"Name\":\"AuthenticationPackageName\"},{\"text\":\"DC1-MAIL-03\",\"Name\":\"WorkstationName\"},{\"text\":\"{00000000-0000-0000-0000-000000000000}\",\"Name\":\"LogonGuid\"},{\"text\":\"-\",\"Name\":\"TransmittedServices\"},{\"text\":\"-\",\"Name\":\"LmPackageName\"},{\"text\":\"0\",\"Name\":\"KeyLength\"},{\"text\":\"0x1e08\",\"Name\":\"ProcessId\"},{\"text\":\"C:\\\\Program Files\\\\Microsoft\\\\Exchange Server\\\\V15\\\\ClientAccess\\\\PopImap\\\\Microsoft.Exchange.Imap4.exe\",\"Name\":\"ProcessName\"},{\"text\":\"-\",\"Name\":\"IpAddress\"},{\"text\":\"-\",\"Name\":\"IpPort\"},{\"text\":\"%%1833\",\"Name\":\"ImpersonationLevel\"},{\"text\":\"-\",\"Name\":\"RestrictedAdminMode\"},{\"text\":\"-\",\"Name\":\"TargetOutboundUserName\"},{\"text\":\"-\",\"Name\":\"TargetOutboundDomainName\"},{\"text\":\"%%1843\",\"Name\":\"VirtualAccount\"},{\"text\":\"0x0\",\"Name\":\"TargetLinkedLogonId\"},{\"text\":\"%%1843\",\"Name\":\"ElevatedToken\"}]}}}", "recv_ipv4": "10.10.192.101", "dst.host": "dc1-mail-03.ptsecurity.ru", "task_id": "14547f20-1f40-0001-0000-00000000002e", "subject.name": "svc-mail-monitor", "logon_type": 8, "logon_auth_method": "remote", "job_id": "efbbc8e1-9ece-4045-ae64-239c7ea9ef4b", "recv_asset": "162f51e9-3b40-0001-0000-00000000000f", "event_src.asset": "1457bbbb-45c0-0001-0000-000000001218", "tenant_id": "01c7c1a6-8d3b-4325-8c46-29da2d6c27a1", "category.generic": "Operating System", "normalized": true, "msgid": "4624", "scope_id": "00000000-0000-0000-0000-000000000005", "original_time": "2022-03-03T00:12:01Z", "subject.account.session_id": "9231999448", "_checkpoint": 409245949912}
{"datafield10": "7F402214-2560-0003-7432-407F6025D801", "subject.account.name": "sp_test1_fincert", "historical": false, "mime": "application/x-pt-eventlog", "category.low": "Communication", "subject": "account", "siem_id": "00000000-0000-0000-0000-000000000000", "origin_app_id": "144e9681-a3c0-0001-0000-000000000003", "id": "PT_Microsoft_Windows_eventlog_4624_An_account_was_successfully_logged_on", "datafield7": "11597863841", "event_src.vendor": "microsoft", "subject.process.id": "19752", "subject.account.domain": "ptsecurity.ru", "tag": "wineventlog", "event_src.category": "AAA", "object": "system", "datafield9": "Negotiate", "event_src.fqdn": "dc1-mail-05.ptsecurity.ru", "datafield6": "NetworkCleartext", "primary_siem_app_id": "144e9681-a3c0-0001-0000-000000000003", "asset_ids": ["1640c896-e1c0-0001-0000-000000000023", "162f51e9-3b40-0001-0000-00000000000f"], "event_src.hostname": "dc1-mail-05", "dst.hostname": "dc1-mail-05", "subject.process.path": "c:\\program files\\microsoft\\exchange server\\v15\\bin\\", "taxonomy_version": "25.0.598-feature-develop-25-69", "datafield8": "Advapi", "event_src.subsys": "Security", "event_src.title": "windows", "datafield5": "19752", "subject.process.name": "msexchangefrontendtransport.exe", "subject.account.id": "S-1-5-21-1023191730-727829927-3985050192-35645", "subject.id": "S-1-5-21-1023191730-727829927-3985050192-35645", "subject.process.fullpath": "c:\\program files\\microsoft\\exchange server\\v15\\bin\\msexchangefrontendtransport.exe", "incorrect_time": false, "datafield4": "msexchangefrontendtransport.exe", "dst.fqdn": "dc1-mail-05.ptsecurity.ru", "category.high": "Access Management", "src.host": "dc1-mail-05", "src.hostname": "dc1-mail-05", "datafield3": "c:\\program files\\microsoft\\exchange server\\v15\\bin\\msexchangefrontendtransport.exe", "action": "login", "time": "2022-03-03T00:11:55Z", "datafield2": "DC1-MAIL-05", "remote": false, "src.asset": "1640c896-e1c0-0001-0000-000000000023", "importance": "info", "count": 1, "event_src.host": "dc1-mail-05.ptsecurity.ru", "chain_id": "7F402214-2560-0003-7432-407F6025D801", "datafield1": "999", "input_id": "3433e2f4-63ff-49f7-a0bd-197b74074ec7", "dst.asset": "1640c896-e1c0-0001-0000-000000000023", "generator.type": "logcollector", "status": "success", "agent_id": "4b90128e-2e9c-4822-aaef-1ac0bca79c12", "recv_time": "2022-03-03T00:12:00Z", "generator.version": "N25.0.2663", "logon_service": "Advapi", "uuid": "00000006-2200-07d0-f000-0ab9e1c8bbef", "subject.domain": "ptsecurity", "body": "{\"Event\":{\"xmlns\":\"http://schemas.microsoft.com/win/2004/08/events/event\",\"System\":{\"Provider\":{\"Name\":\"Microsoft-Windows-Security-Auditing\",\"Guid\":\"{54849625-5478-4994-A5BA-3E3B0328C30D}\"},\"EventID\":\"4624\",\"Version\":\"2\",\"Level\":\"0\",\"Task\":\"12544\",\"Opcode\":\"0\",\"Keywords\":\"0x8020000000000000\",\"TimeCreated\":{\"SystemTime\":\"2022-03-03T00:11:55.334385100Z\"},\"EventRecordID\":\"173570158\",\"Correlation\":{\"ActivityID\":\"{7F402214-2560-0003-7432-407F6025D801}\"},\"Execution\":{\"ProcessID\":\"812\",\"ThreadID\":\"36308\"},\"Channel\":\"Security\",\"Computer\":\"dc1-mail-05.ptsecurity.ru\",\"Security\":null},\"EventData\":{\"Data\":[{\"text\":\"S-1-5-18\",\"Name\":\"SubjectUserSid\"},{\"text\":\"DC1-MAIL-05$\",\"Name\":\"SubjectUserName\"},{\"text\":\"PTSECURITY\",\"Name\":\"SubjectDomainName\"},{\"text\":\"0x3e7\",\"Name\":\"SubjectLogonId\"},{\"text\":\"S-1-5-21-1023191730-727829927-3985050192-35645\",\"Name\":\"TargetUserSid\"},{\"text\":\"sp_test1_fincert\",\"Name\":\"TargetUserName\"},{\"text\":\"PTSECURITY\",\"Name\":\"TargetDomainName\"},{\"text\":\"0x2b3495ba1\",\"Name\":\"TargetLogonId\"},{\"text\":\"8\",\"Name\":\"LogonType\"},{\"text\":\"Advapi  \",\"Name\":\"LogonProcessName\"},{\"text\":\"Negotiate\",\"Name\":\"AuthenticationPackageName\"},{\"text\":\"DC1-MAIL-05\",\"Name\":\"WorkstationName\"},{\"text\":\"{A6A757C6-7575-C9DF-EDD7-A13179A17C67}\",\"Name\":\"LogonGuid\"},{\"text\":\"-\",\"Name\":\"TransmittedServices\"},{\"text\":\"-\",\"Name\":\"LmPackageName\"},{\"text\":\"0\",\"Name\":\"KeyLength\"},{\"text\":\"0x4d28\",\"Name\":\"ProcessId\"},{\"text\":\"C:\\\\Program Files\\\\Microsoft\\\\Exchange Server\\\\V15\\\\Bin\\\\MSExchangeFrontendTransport.exe\",\"Name\":\"ProcessName\"},{\"text\":\"-\",\"Name\":\"IpAddress\"},{\"text\":\"-\",\"Name\":\"IpPort\"},{\"text\":\"%%1833\",\"Name\":\"ImpersonationLevel\"},{\"text\":\"-\",\"Name\":\"RestrictedAdminMode\"},{\"text\":\"-\",\"Name\":\"TargetOutboundUserName\"},{\"text\":\"-\",\"Name\":\"TargetOutboundDomainName\"},{\"text\":\"%%1843\",\"Name\":\"VirtualAccount\"},{\"text\":\"0x0\",\"Name\":\"TargetLinkedLogonId\"},{\"text\":\"%%1843\",\"Name\":\"ElevatedToken\"}]}}}", "recv_ipv4": "10.10.192.101", "dst.host": "dc1-mail-05.ptsecurity.ru", "task_id": "14547f20-1f40-0001-0000-00000000002e", "subject.name": "sp_test1_fincert", "logon_type": 8, "logon_auth_method": "remote", "job_id": "efbbc8e1-9ece-4045-ae64-239c7ea9ef4b", "recv_asset": "162f51e9-3b40-0001-0000-00000000000f", "event_src.asset": "1640c896-e1c0-0001-0000-000000000023", "tenant_id": "01c7c1a6-8d3b-4325-8c46-29da2d6c27a1", "category.generic": "Operating System", "normalized": true, "msgid": "4624", "scope_id": "00000000-0000-0000-0000-000000000005", "original_time": "2022-03-03T00:11:55Z", "subject.account.session_id": "11597863841", "_checkpoint": 409245976691}
{"datafield10": "7F402214-2560-0003-7432-407F6025D801", "src.port": 40636, "subject.account.name": "svc-mail-monitor", "historical": false, "mime": "application/x-pt-eventlog", "category.low": "Communication", "subject": "account", "siem_id": "00000000-0000-0000-0000-000000000000", "origin_app_id": "144e9681-a3c0-0001-0000-000000000003", "id": "PT_Microsoft_Windows_eventlog_4624_An_account_was_successfully_logged_on", "datafield7": "11597879548", "event_src.vendor": "microsoft", "subject.account.domain": "ptsecurity.ru", "tag": "wineventlog", "event_src.category": "AAA", "object": "system", "datafield9": "NTLM", "event_src.fqdn": "dc1-mail-05.ptsecurity.ru", "datafield6": "Network", "primary_siem_app_id": "144e9681-a3c0-0001-0000-000000000003", "asset_ids": ["1452db12-bbc0-0001-0000-000000000c34", "1640c896-e1c0-0001-0000-000000000023", "162f51e9-3b40-0001-0000-00000000000f"], "event_src.hostname": "dc1-mail-05", "dst.hostname": "dc1-mail-05", "src.ip": "10.10.52.126", "taxonomy_version": "25.0.598-feature-develop-25-69", "datafield8": "NtLmSsp", "event_src.subsys": "Security", "event_src.title": "windows", "subject.account.id": "S-1-5-21-1023191730-727829927-3985050192-36922", "subject.id": "S-1-5-21-1023191730-727829927-3985050192-36922", "incorrect_time": false, "dst.fqdn": "dc1-mail-05.ptsecurity.ru", "category.high": "Access Management", "src.host": "10.10.52.126", "action": "login", "time": "2022-03-03T00:11:57Z", "datafield2": "DC1-MAIL-05", "remote": false, "src.asset": "1452db12-bbc0-0001-0000-000000000c34", "importance": "info", "count": 1, "event_src.host": "dc1-mail-05.ptsecurity.ru", "chain_id": "7F402214-2560-0003-7432-407F6025D801", "datafield1": "0", "input_id": "3433e2f4-63ff-49f7-a0bd-197b74074ec7", "dst.asset": "1640c896-e1c0-0001-0000-000000000023", "generator.type": "logcollector", "status": "success", "agent_id": "4b90128e-2e9c-4822-aaef-1ac0bca79c12", "recv_time": "2022-03-03T00:12:00Z", "generator.version": "N25.0.2663", "logon_service": "NtLmSsp", "uuid": "00000006-2200-07d0-f000-0ae5e1c8bbef", "subject.domain": "ptsecurity", "body": "{\"Event\":{\"xmlns\":\"http://schemas.microsoft.com/win/2004/08/events/event\",\"System\":{\"Provider\":{\"Name\":\"Microsoft-Windows-Security-Auditing\",\"Guid\":\"{54849625-5478-4994-A5BA-3E3B0328C30D}\"},\"EventID\":\"4624\",\"Version\":\"2\",\"Level\":\"0\",\"Task\":\"12544\",\"Opcode\":\"0\",\"Keywords\":\"0x8020000000000000\",\"TimeCreated\":{\"SystemTime\":\"2022-03-03T00:11:57.984304600Z\"},\"EventRecordID\":\"173570217\",\"Correlation\":{\"ActivityID\":\"{7F402214-2560-0003-7432-407F6025D801}\"},\"Execution\":{\"ProcessID\":\"812\",\"ThreadID\":\"28600\"},\"Channel\":\"Security\",\"Computer\":\"dc1-mail-05.ptsecurity.ru\",\"Security\":null},\"EventData\":{\"Data\":[{\"text\":\"S-1-0-0\",\"Name\":\"SubjectUserSid\"},{\"text\":\"-\",\"Name\":\"SubjectUserName\"},{\"text\":\"-\",\"Name\":\"SubjectDomainName\"},{\"text\":\"0x0\",\"Name\":\"SubjectLogonId\"},{\"text\":\"S-1-5-21-1023191730-727829927-3985050192-36922\",\"Name\":\"TargetUserSid\"},{\"text\":\"svc-mail-monitor\",\"Name\":\"TargetUserName\"},{\"text\":\"PTSECURITY\",\"Name\":\"TargetDomainName\"},{\"text\":\"0x2b34998fc\",\"Name\":\"TargetLogonId\"},{\"text\":\"3\",\"Name\":\"LogonType\"},{\"text\":\"NtLmSsp \",\"Name\":\"LogonProcessName\"},{\"text\":\"NTLM\",\"Name\":\"AuthenticationPackageName\"},{\"text\":\"-\",\"Name\":\"WorkstationName\"},{\"text\":\"{00000000-0000-0000-0000-000000000000}\",\"Name\":\"LogonGuid\"},{\"text\":\"-\",\"Name\":\"TransmittedServices\"},{\"text\":\"NTLM V2\",\"Name\":\"LmPackageName\"},{\"text\":\"128\",\"Name\":\"KeyLength\"},{\"text\":\"0x0\",\"Name\":\"ProcessId\"},{\"text\":\"-\",\"Name\":\"ProcessName\"},{\"text\":\"10.10.52.126\",\"Name\":\"IpAddress\"},{\"text\":\"40636\",\"Name\":\"IpPort\"},{\"text\":\"%%1833\",\"Name\":\"ImpersonationLevel\"},{\"text\":\"-\",\"Name\":\"RestrictedAdminMode\"},{\"text\":\"-\",\"Name\":\"TargetOutboundUserName\"},{\"text\":\"-\",\"Name\":\"TargetOutboundDomainName\"},{\"text\":\"%%1843\",\"Name\":\"VirtualAccount\"},{\"text\":\"0x0\",\"Name\":\"TargetLinkedLogonId\"},{\"text\":\"%%1843\",\"Name\":\"ElevatedToken\"}]}}}", "recv_ipv4": "10.10.192.101", "dst.host": "dc1-mail-05.ptsecurity.ru", "task_id": "14547f20-1f40-0001-0000-00000000002e", "subject.name": "svc-mail-monitor", "logon_type": 3, "logon_auth_method": "remote", "job_id": "efbbc8e1-9ece-4045-ae64-239c7ea9ef4b", "recv_asset": "162f51e9-3b40-0001-0000-00000000000f", "event_src.asset": "1640c896-e1c0-0001-0000-000000000023", "tenant_id": "01c7c1a6-8d3b-4325-8c46-29da2d6c27a1", "category.generic": "Operating System", "normalized": true, "msgid": "4624", "scope_id": "00000000-0000-0000-0000-000000000005", "original_time": "2022-03-03T00:11:57Z", "subject.account.session_id": "11597879548", "_checkpoint": 409245960340}
{"datafield10": "27F930EB-294F-0003-8444-F9274F29D801", "src.port": 21266, "subject.account.name": "healthmailbox60970b6", "historical": false, "mime": "application/x-pt-eventlog", "category.low": "Communication", "subject": "account", "siem_id": "00000000-0000-0000-0000-000000000000", "origin_app_id": "144e9681-a3c0-0001-0000-000000000003", "id": "PT_Microsoft_Windows_eventlog_4624_An_account_was_successfully_logged_on", "datafield7": "9232005755", "event_src.vendor": "microsoft", "subject.account.domain": "ptsecurity.ru", "tag": "wineventlog", "event_src.category": "AAA", "object": "system", "datafield9": "Kerberos", "event_src.fqdn": "dc1-mail-03.ptsecurity.ru", "datafield6": "Network", "primary_siem_app_id": "144e9681-a3c0-0001-0000-000000000003", "asset_ids": ["1457bbbb-45c0-0001-0000-000000001218", "162f51e9-3b40-0001-0000-00000000000f"], "event_src.hostname": "dc1-mail-03", "dst.hostname": "dc1-mail-03", "src.ip": "::1", "taxonomy_version": "25.0.598-feature-develop-25-69", "datafield8": "Kerberos", "event_src.subsys": "Security", "event_src.title": "windows", "subject.account.id": "S-1-5-21-1023191730-727829927-3985050192-41400", "subject.id": "S-1-5-21-1023191730-727829927-3985050192-41400", "incorrect_time": false, "dst.fqdn": "dc1-mail-03.ptsecurity.ru", "category.high": "Access Management", "src.host": "::1", "action": "login", "time": "2022-03-03T00:12:02Z", "datafield2": "DC1-MAIL-03", "remote": false, "src.asset": null, "importance": "info", "count": 1, "event_src.host": "dc1-mail-03.ptsecurity.ru", "chain_id": "27F930EB-294F-0003-8444-F9274F29D801", "datafield1": "0", "input_id": "3433e2f4-63ff-49f7-a0bd-197b74074ec7", "dst.asset": "1457bbbb-45c0-0001-0000-000000001218", "generator.type": "logcollector", "status": "success", "agent_id": "4b90128e-2e9c-4822-aaef-1ac0bca79c12", "recv_time": "2022-03-03T00:12:04Z", "generator.version": "N25.0.2663", "logon_service": "Kerberos", "uuid": "00000006-2200-07d4-f000-02f5e1c8bbef", "subject.domain": "ptsecurity.ru", "body": "{\"Event\":{\"xmlns\":\"http://schemas.microsoft.com/win/2004/08/events/event\",\"System\":{\"Provider\":{\"Name\":\"Microsoft-Windows-Security-Auditing\",\"Guid\":\"{54849625-5478-4994-A5BA-3E3B0328C30D}\"},\"EventID\":\"4624\",\"Version\":\"2\",\"Level\":\"0\",\"Task\":\"12544\",\"Opcode\":\"0\",\"Keywords\":\"0x8020000000000000\",\"TimeCreated\":{\"SystemTime\":\"2022-03-03T00:12:02.240362000Z\"},\"EventRecordID\":\"8635036881\",\"Correlation\":{\"ActivityID\":\"{27F930EB-294F-0003-8444-F9274F29D801}\"},\"Execution\":{\"ProcessID\":\"804\",\"ThreadID\":\"30196\"},\"Channel\":\"Security\",\"Computer\":\"dc1-mail-03.ptsecurity.ru\",\"Security\":null},\"EventData\":{\"Data\":[{\"text\":\"S-1-0-0\",\"Name\":\"SubjectUserSid\"},{\"text\":\"-\",\"Name\":\"SubjectUserName\"},{\"text\":\"-\",\"Name\":\"SubjectDomainName\"},{\"text\":\"0x0\",\"Name\":\"SubjectLogonId\"},{\"text\":\"S-1-5-21-1023191730-727829927-3985050192-41400\",\"Name\":\"TargetUserSid\"},{\"text\":\"HealthMailbox60970b6\",\"Name\":\"TargetUserName\"},{\"text\":\"PTSECURITY.RU\",\"Name\":\"TargetDomainName\"},{\"text\":\"0x226453a7b\",\"Name\":\"TargetLogonId\"},{\"text\":\"3\",\"Name\":\"LogonType\"},{\"text\":\"Kerberos\",\"Name\":\"LogonProcessName\"},{\"text\":\"Kerberos\",\"Name\":\"AuthenticationPackageName\"},{\"text\":\"-\",\"Name\":\"WorkstationName\"},{\"text\":\"{1BED92F3-C955-DD9E-55FD-3A6C998DB6FC}\",\"Name\":\"LogonGuid\"},{\"text\":\"-\",\"Name\":\"TransmittedServices\"},{\"text\":\"-\",\"Name\":\"LmPackageName\"},{\"text\":\"0\",\"Name\":\"KeyLength\"},{\"text\":\"0x0\",\"Name\":\"ProcessId\"},{\"text\":\"-\",\"Name\":\"ProcessName\"},{\"text\":\"::1\",\"Name\":\"IpAddress\"},{\"text\":\"21266\",\"Name\":\"IpPort\"},{\"text\":\"%%1833\",\"Name\":\"ImpersonationLevel\"},{\"text\":\"-\",\"Name\":\"RestrictedAdminMode\"},{\"text\":\"-\",\"Name\":\"TargetOutboundUserName\"},{\"text\":\"-\",\"Name\":\"TargetOutboundDomainName\"},{\"text\":\"%%1843\",\"Name\":\"VirtualAccount\"},{\"text\":\"0x0\",\"Name\":\"TargetLinkedLogonId\"},{\"text\":\"%%1843\",\"Name\":\"ElevatedToken\"}]}}}", "recv_ipv4": "10.10.192.101", "dst.host": "dc1-mail-03.ptsecurity.ru", "task_id": "14547f20-1f40-0001-0000-00000000002e", "subject.name": "healthmailbox60970b6", "logon_type": 3, "logon_auth_method": "remote", "job_id": "efbbc8e1-9ece-4045-ae64-239c7ea9ef4b", "recv_asset": "162f51e9-3b40-0001-0000-00000000000f", "event_src.asset": "1457bbbb-45c0-0001-0000-000000001218", "tenant_id": "01c7c1a6-8d3b-4325-8c46-29da2d6c27a1", "category.generic": "Operating System", "normalized": true, "msgid": "4624", "scope_id": "00000000-0000-0000-0000-000000000005", "original_time": "2022-03-03T00:12:02Z", "subject.account.session_id": "9232005755", "_checkpoint": 409245979082}
{"src.port": 64095, "subject.account.name": "rrusalev", "historical": false, "mime": "application/x-pt-eventlog", "category.low": "Communication", "subject": "account", "siem_id": "00000000-0000-0000-0000-000000000000", "origin_app_id": "144e9681-a3c0-0001-0000-000000000003", "id": "PT_Microsoft_Windows_eventlog_4624_An_account_was_successfully_logged_on", "datafield7": "2455103935", "event_src.vendor": "microsoft", "subject.account.domain": "ptsecurity.ru", "tag": "wineventlog", "event_src.category": "AAA", "object": "system", "datafield9": "Kerberos", "event_src.fqdn": "dc3-dc-02.ptsecurity.ru", "datafield6": "Network", "primary_siem_app_id": "144e9681-a3c0-0001-0000-000000000003", "asset_ids": ["1457bbb0-ba00-0001-0000-00000000108d", "15c93e88-0600-0001-0000-0000000000f2", "162f51e9-3b40-0001-0000-00000000000f"], "event_src.hostname": "dc3-dc-02", "dst.hostname": "dc3-dc-02", "src.ip": "10.0.64.20", "taxonomy_version": "25.0.598-feature-develop-25-69", "datafield8": "Kerberos", "event_src.subsys": "Security", "event_src.title": "windows", "subject.account.id": "S-1-5-21-1023191730-727829927-3985050192-26830", "subject.id": "S-1-5-21-1023191730-727829927-3985050192-26830", "incorrect_time": false, "dst.fqdn": "dc3-dc-02.ptsecurity.ru", "category.high": "Access Management", "src.host": "10.0.64.20", "action": "login", "time": "2022-03-03T00:11:58Z", "datafield2": "DC3-DC-02", "remote": false, "src.asset": "1457bbb0-ba00-0001-0000-00000000108d", "importance": "info", "count": 1, "event_src.host": "dc3-dc-02.ptsecurity.ru", "datafield1": "0", "input_id": "3433e2f4-63ff-49f7-a0bd-197b74074ec7", "dst.asset": "15c93e88-0600-0001-0000-0000000000f2", "generator.type": "logcollector", "status": "success", "agent_id": "4b90128e-2e9c-4822-aaef-1ac0bca79c12", "recv_time": "2022-03-03T00:12:04Z", "generator.version": "N25.0.2663", "logon_service": "Kerberos", "uuid": "00000006-2200-07d4-f000-0548e1c8bbef", "subject.domain": "ptsecurity.ru", "body": "{\"Event\":{\"xmlns\":\"http://schemas.microsoft.com/win/2004/08/events/event\",\"System\":{\"Provider\":{\"Name\":\"Microsoft-Windows-Security-Auditing\",\"Guid\":\"{54849625-5478-4994-a5ba-3e3b0328c30d}\"},\"EventID\":\"4624\",\"Version\":\"2\",\"Level\":\"0\",\"Task\":\"12544\",\"Opcode\":\"0\",\"Keywords\":\"0x8020000000000000\",\"TimeCreated\":{\"SystemTime\":\"2022-03-03T00:11:58.265238900Z\"},\"EventRecordID\":\"3606468980\",\"Correlation\":null,\"Execution\":{\"ProcessID\":\"692\",\"ThreadID\":\"6828\"},\"Channel\":\"Security\",\"Computer\":\"dc3-dc-02.ptsecurity.ru\",\"Security\":null},\"EventData\":{\"Data\":[{\"text\":\"S-1-0-0\",\"Name\":\"SubjectUserSid\"},{\"text\":\"-\",\"Name\":\"SubjectUserName\"},{\"text\":\"-\",\"Name\":\"SubjectDomainName\"},{\"text\":\"0x0\",\"Name\":\"SubjectLogonId\"},{\"text\":\"S-1-5-21-1023191730-727829927-3985050192-26830\",\"Name\":\"TargetUserSid\"},{\"text\":\"rrusalev\",\"Name\":\"TargetUserName\"},{\"text\":\"PTSECURITY.RU\",\"Name\":\"TargetDomainName\"},{\"text\":\"0x9255e9bf\",\"Name\":\"TargetLogonId\"},{\"text\":\"3\",\"Name\":\"LogonType\"},{\"text\":\"Kerberos\",\"Name\":\"LogonProcessName\"},{\"text\":\"Kerberos\",\"Name\":\"AuthenticationPackageName\"},{\"text\":\"-\",\"Name\":\"WorkstationName\"},{\"text\":\"{74dc2f0b-1158-90c9-fc11-d5bc72819546}\",\"Name\":\"LogonGuid\"},{\"text\":\"-\",\"Name\":\"TransmittedServices\"},{\"text\":\"-\",\"Name\":\"LmPackageName\"},{\"text\":\"0\",\"Name\":\"KeyLength\"},{\"text\":\"0x0\",\"Name\":\"ProcessId\"},{\"text\":\"-\",\"Name\":\"ProcessName\"},{\"text\":\"10.0.64.20\",\"Name\":\"IpAddress\"},{\"text\":\"64095\",\"Name\":\"IpPort\"},{\"text\":\"%%1833\",\"Name\":\"ImpersonationLevel\"},{\"text\":\"-\",\"Name\":\"RestrictedAdminMode\"},{\"text\":\"-\",\"Name\":\"TargetOutboundUserName\"},{\"text\":\"-\",\"Name\":\"TargetOutboundDomainName\"},{\"text\":\"%%1843\",\"Name\":\"VirtualAccount\"},{\"text\":\"0x0\",\"Name\":\"TargetLinkedLogonId\"},{\"text\":\"%%1842\",\"Name\":\"ElevatedToken\"}]}}}", "recv_ipv4": "10.10.192.101", "dst.host": "dc3-dc-02.ptsecurity.ru", "task_id": "14547f20-1f40-0001-0000-00000000002e", "subject.name": "rrusalev", "logon_type": 3, "logon_auth_method": "remote", "job_id": "efbbc8e1-9ece-4045-ae64-239c7ea9ef4b", "recv_asset": "162f51e9-3b40-0001-0000-00000000000f", "event_src.asset": "15c93e88-0600-0001-0000-0000000000f2", "tenant_id": "01c7c1a6-8d3b-4325-8c46-29da2d6c27a1", "category.generic": "Operating System", "normalized": true, "msgid": "4624", "scope_id": "00000000-0000-0000-0000-000000000005", "original_time": "2022-03-03T00:11:58Z", "subject.account.session_id": "2455103935", "_checkpoint": 409245979731}
{"datafield10": "8512762E-2225-0000-4D76-12852522D801", "subject.account.name": "rrusalev", "historical": false, "mime": "application/x-pt-eventlog", "category.low": "Communication", "subject": "account", "siem_id": "00000000-0000-0000-0000-000000000000", "origin_app_id": "144e9681-a3c0-0001-0000-000000000003", "id": "PT_Microsoft_Windows_eventlog_4624_An_account_was_successfully_logged_on", "datafield7": "918472139", "event_src.vendor": "microsoft", "subject.account.domain": "ptsecurity.ru", "tag": "wineventlog", "event_src.category": "AAA", "object": "system", "datafield9": "NTLM", "event_src.fqdn": "dc1-prn-01.ptsecurity.ru", "datafield6": "Network", "primary_siem_app_id": "144e9681-a3c0-0001-0000-000000000003", "asset_ids": ["1457bbb0-ba00-0001-0000-00000000108d", "1457bbba-fe00-0001-0000-0000000011e9", "162f51e9-3b40-0001-0000-00000000000f"], "event_src.hostname": "dc1-prn-01", "dst.hostname": "dc1-prn-01", "taxonomy_version": "25.0.598-feature-develop-25-69", "datafield8": "NtLmSsp", "event_src.subsys": "Security", "event_src.title": "windows", "subject.account.id": "S-1-5-21-1023191730-727829927-3985050192-26830", "subject.id": "S-1-5-21-1023191730-727829927-3985050192-26830", "incorrect_time": false, "dst.fqdn": "dc1-prn-01.ptsecurity.ru", "category.high": "Access Management", "src.host": "rrusalev", "src.hostname": "rrusalev", "action": "login", "time": "2022-03-03T00:12:00Z", "datafield2": "DC1-PRN-01", "remote": false, "src.asset": "1457bbb0-ba00-0001-0000-00000000108d", "importance": "info", "count": 1, "event_src.host": "dc1-prn-01.ptsecurity.ru", "chain_id": "8512762E-2225-0000-4D76-12852522D801", "datafield1": "0", "input_id": "3433e2f4-63ff-49f7-a0bd-197b74074ec7", "dst.asset": "1457bbba-fe00-0001-0000-0000000011e9", "generator.type": "logcollector", "status": "success", "agent_id": "4b90128e-2e9c-4822-aaef-1ac0bca79c12", "recv_time": "2022-03-03T00:12:03Z", "generator.version": "N25.0.2663", "logon_service": "NtLmSsp", "uuid": "00000006-2200-07d3-f000-026ee1c8bbef", "subject.domain": "ptsecurity", "body": "{\"Event\":{\"xmlns\":\"http://schemas.microsoft.com/win/2004/08/events/event\",\"System\":{\"Provider\":{\"Name\":\"Microsoft-Windows-Security-Auditing\",\"Guid\":\"{54849625-5478-4994-A5BA-3E3B0328C30D}\"},\"EventID\":\"4624\",\"Version\":\"2\",\"Level\":\"0\",\"Task\":\"12544\",\"Opcode\":\"0\",\"Keywords\":\"0x8020000000000000\",\"TimeCreated\":{\"SystemTime\":\"2022-03-03T00:12:00.735533500Z\"},\"EventRecordID\":\"251790269\",\"Correlation\":{\"ActivityID\":\"{8512762E-2225-0000-4D76-12852522D801}\"},\"Execution\":{\"ProcessID\":\"608\",\"ThreadID\":\"6300\"},\"Channel\":\"Security\",\"Computer\":\"dc1-prn-01.ptsecurity.ru\",\"Security\":null},\"EventData\":{\"Data\":[{\"text\":\"S-1-0-0\",\"Name\":\"SubjectUserSid\"},{\"text\":\"-\",\"Name\":\"SubjectUserName\"},{\"text\":\"-\",\"Name\":\"SubjectDomainName\"},{\"text\":\"0x0\",\"Name\":\"SubjectLogonId\"},{\"text\":\"S-1-5-21-1023191730-727829927-3985050192-26830\",\"Name\":\"TargetUserSid\"},{\"text\":\"rrusalev\",\"Name\":\"TargetUserName\"},{\"text\":\"PTSECURITY\",\"Name\":\"TargetDomainName\"},{\"text\":\"0x36bec5cb\",\"Name\":\"TargetLogonId\"},{\"text\":\"3\",\"Name\":\"LogonType\"},{\"text\":\"NtLmSsp \",\"Name\":\"LogonProcessName\"},{\"text\":\"NTLM\",\"Name\":\"AuthenticationPackageName\"},{\"text\":\"RRUSALEV\",\"Name\":\"WorkstationName\"},{\"text\":\"{00000000-0000-0000-0000-000000000000}\",\"Name\":\"LogonGuid\"},{\"text\":\"-\",\"Name\":\"TransmittedServices\"},{\"text\":\"NTLM V2\",\"Name\":\"LmPackageName\"},{\"text\":\"128\",\"Name\":\"KeyLength\"},{\"text\":\"0x0\",\"Name\":\"ProcessId\"},{\"text\":\"-\",\"Name\":\"ProcessName\"},{\"text\":\"-\",\"Name\":\"IpAddress\"},{\"text\":\"-\",\"Name\":\"IpPort\"},{\"text\":\"%%1833\",\"Name\":\"ImpersonationLevel\"},{\"text\":\"-\",\"Name\":\"RestrictedAdminMode\"},{\"text\":\"-\",\"Name\":\"TargetOutboundUserName\"},{\"text\":\"-\",\"Name\":\"TargetOutboundDomainName\"},{\"text\":\"%%1843\",\"Name\":\"VirtualAccount\"},{\"text\":\"0x0\",\"Name\":\"TargetLinkedLogonId\"},{\"text\":\"%%1843\",\"Name\":\"ElevatedToken\"}]}}}", "recv_ipv4": "10.10.192.101", "dst.host": "dc1-prn-01.ptsecurity.ru", "task_id": "14547f20-1f40-0001-0000-00000000002e", "subject.name": "rrusalev", "logon_type": 3, "logon_auth_method": "remote", "job_id": "efbbc8e1-9ece-4045-ae64-239c7ea9ef4b", "recv_asset": "162f51e9-3b40-0001-0000-00000000000f", "event_src.asset": "1457bbba-fe00-0001-0000-0000000011e9", "tenant_id": "01c7c1a6-8d3b-4325-8c46-29da2d6c27a1", "category.generic": "Operating System", "normalized": true, "msgid": "4624", "scope_id": "00000000-0000-0000-0000-000000000005", "original_time": "2022-03-03T00:12:00Z", "subject.account.session_id": "918472139", "_checkpoint": 409245980917}
{"datafield10": "9F448EE3-27D7-0007-289F-449FD727D801", "subject.account.name": "mailer_devops", "historical": false, "mime": "application/x-pt-eventlog", "category.low": "Communication", "subject": "account", "siem_id": "00000000-0000-0000-0000-000000000000", "origin_app_id": "144e9681-a3c0-0001-0000-000000000003", "id": "PT_Microsoft_Windows_eventlog_4624_An_account_was_successfully_logged_on", "datafield7": "13282023144", "event_src.vendor": "microsoft", "subject.process.id": "25932", "subject.account.domain": "ptsecurity.ru", "tag": "wineventlog", "event_src.category": "AAA", "object": "system", "datafield9": "Kerberos", "event_src.fqdn": "dc1-mail-04.ptsecurity.ru", "datafield6": "Network", "primary_siem_app_id": "144e9681-a3c0-0001-0000-000000000003", "asset_ids": ["1457bbbf-d6c0-0001-0000-000000001326", "162f51e9-3b40-0001-0000-00000000000f"], "event_src.hostname": "dc1-mail-04", "dst.hostname": "dc1-mail-04", "subject.process.path": "c:\\program files\\microsoft\\exchange server\\v15\\bin\\", "taxonomy_version": "25.0.598-feature-develop-25-69", "datafield8": "C", "event_src.subsys": "Security", "event_src.title": "windows", "datafield5": "25932", "subject.process.name": "edgetransport.exe", "subject.account.id": "S-1-5-21-1023191730-727829927-3985050192-20330", "subject.id": "S-1-5-21-1023191730-727829927-3985050192-20330", "subject.process.fullpath": "c:\\program files\\microsoft\\exchange server\\v15\\bin\\edgetransport.exe", "incorrect_time": false, "datafield4": "edgetransport.exe", "dst.fqdn": "dc1-mail-04.ptsecurity.ru", "category.high": "Access Management", "src.host": "dc1-mail-04", "src.hostname": "dc1-mail-04", "datafield3": "c:\\program files\\microsoft\\exchange server\\v15\\bin\\edgetransport.exe", "action": "login", "time": "2022-03-03T00:11:57Z", "datafield2": "DC1-MAIL-04", "remote": false, "src.asset": "1457bbbf-d6c0-0001-0000-000000001326", "importance": "info", "count": 1, "event_src.host": "dc1-mail-04.ptsecurity.ru", "chain_id": "9F448EE3-27D7-0007-289F-449FD727D801", "datafield1": "996", "input_id": "3433e2f4-63ff-49f7-a0bd-197b74074ec7", "dst.asset": "1457bbbf-d6c0-0001-0000-000000001326", "generator.type": "logcollector", "status": "success", "agent_id": "4b90128e-2e9c-4822-aaef-1ac0bca79c12", "recv_time": "2022-03-03T00:12:04Z", "generator.version": "N25.0.2663", "logon_service": "C", "uuid": "00000006-2200-07d4-f000-0111e1c8bbef", "subject.domain": "ptsecurity", "body": "{\"Event\":{\"xmlns\":\"http://schemas.microsoft.com/win/2004/08/events/event\",\"System\":{\"Provider\":{\"Name\":\"Microsoft-Windows-Security-Auditing\",\"Guid\":\"{54849625-5478-4994-A5BA-3E3B0328C30D}\"},\"EventID\":\"4624\",\"Version\":\"2\",\"Level\":\"0\",\"Task\":\"12544\",\"Opcode\":\"0\",\"Keywords\":\"0x8020000000000000\",\"TimeCreated\":{\"SystemTime\":\"2022-03-03T00:11:57.723669000Z\"},\"EventRecordID\":\"3039499769\",\"Correlation\":{\"ActivityID\":\"{9F448EE3-27D7-0007-289F-449FD727D801}\"},\"Execution\":{\"ProcessID\":\"812\",\"ThreadID\":\"22472\"},\"Channel\":\"Security\",\"Computer\":\"dc1-mail-04.ptsecurity.ru\",\"Security\":null},\"EventData\":{\"Data\":[{\"text\":\"S-1-5-20\",\"Name\":\"SubjectUserSid\"},{\"text\":\"DC1-MAIL-04$\",\"Name\":\"SubjectUserName\"},{\"text\":\"PTSECURITY\",\"Name\":\"SubjectDomainName\"},{\"text\":\"0x3e4\",\"Name\":\"SubjectLogonId\"},{\"text\":\"S-1-5-21-1023191730-727829927-3985050192-20330\",\"Name\":\"TargetUserSid\"},{\"text\":\"mailer_devops\",\"Name\":\"TargetUserName\"},{\"text\":\"PTSECURITY\",\"Name\":\"TargetDomainName\"},{\"text\":\"0x317ab96e8\",\"Name\":\"TargetLogonId\"},{\"text\":\"3\",\"Name\":\"LogonType\"},{\"text\":\"C\",\"Name\":\"LogonProcessName\"},{\"text\":\"Kerberos\",\"Name\":\"AuthenticationPackageName\"},{\"text\":\"DC1-MAIL-04\",\"Name\":\"WorkstationName\"},{\"text\":\"{3D9D24C1-E837-DE2C-3AAF-89E069D28917}\",\"Name\":\"LogonGuid\"},{\"text\":\"-\",\"Name\":\"TransmittedServices\"},{\"text\":\"-\",\"Name\":\"LmPackageName\"},{\"text\":\"0\",\"Name\":\"KeyLength\"},{\"text\":\"0x654c\",\"Name\":\"ProcessId\"},{\"text\":\"C:\\\\Program Files\\\\Microsoft\\\\Exchange Server\\\\V15\\\\Bin\\\\EdgeTransport.exe\",\"Name\":\"ProcessName\"},{\"text\":\"-\",\"Name\":\"IpAddress\"},{\"text\":\"-\",\"Name\":\"IpPort\"},{\"text\":\"%%1832\",\"Name\":\"ImpersonationLevel\"},{\"text\":\"-\",\"Name\":\"RestrictedAdminMode\"},{\"text\":\"-\",\"Name\":\"TargetOutboundUserName\"},{\"text\":\"-\",\"Name\":\"TargetOutboundDomainName\"},{\"text\":\"%%1843\",\"Name\":\"VirtualAccount\"},{\"text\":\"0x0\",\"Name\":\"TargetLinkedLogonId\"},{\"text\":\"%%1843\",\"Name\":\"ElevatedToken\"}]}}}", "recv_ipv4": "10.10.192.101", "dst.host": "dc1-mail-04.ptsecurity.ru", "task_id": "14547f20-1f40-0001-0000-00000000002e", "subject.name": "mailer_devops", "logon_type": 3, "logon_auth_method": "remote", "job_id": "efbbc8e1-9ece-4045-ae64-239c7ea9ef4b", "recv_asset": "162f51e9-3b40-0001-0000-00000000000f", "event_src.asset": "1457bbbf-d6c0-0001-0000-000000001326", "tenant_id": "01c7c1a6-8d3b-4325-8c46-29da2d6c27a1", "category.generic": "Operating System", "normalized": true, "msgid": "4624", "scope_id": "00000000-0000-0000-0000-000000000005", "original_time": "2022-03-03T00:11:57Z", "subject.account.session_id": "13282023144", "_checkpoint": 409245995470}
